<?xml version="1.0" encoding="UTF-8"?>
<!-- Generated by org.testng.reporters.JUnitReportReporter -->
<testsuite hostname="GS-5698" failures="0" tests="1" name="pages.Testnamesearchandvalidate" time="14.595" errors="0" timestamp="2021-09-13T11:50:25 IST" skipped="0">
  <testcase classname="pages.Testnamesearchandvalidate" name="NamesearchAndValidate" time="14.595"/>
  <system-out/>
</testsuite> <!-- pages.Testnamesearchandvalidate -->
