<?xml version="1.0" encoding="UTF-8"?>
<!-- Generated by org.testng.reporters.JUnitReportReporter -->
<testsuite hostname="GS-5698" failures="0" tests="2" name="com.easy.qa.testcases.TestClickOnMsgBoxValidation" time="24.041" errors="0" timestamp="2021-09-21T17:01:40 IST" skipped="0">
  <testcase classname="com.easy.qa.testcases.TestClickOnMsgBoxValidation" name="ClickOnMsgBox" time="12.232"/>
  <system-out/>
  <testcase classname="com.easy.qa.testcases.TestClickOnMsgBoxValidation" name="validationMsgBox" time="11.809"/>
  <system-out/>
</testsuite> <!-- com.easy.qa.testcases.TestClickOnMsgBoxValidation -->
