<?xml version="1.0" encoding="UTF-8"?>
<!-- Generated by org.testng.reporters.JUnitReportReporter -->
<testsuite hostname="GS-5698" failures="0" tests="1" name="pages.Testdragndrop" time="29.854" errors="0" timestamp="2021-09-09T17:11:46 IST" skipped="0">
  <testcase classname="pages.Testdragndrop" name="dragndrop" time="29.854"/>
  <system-out/>
</testsuite> <!-- pages.Testdragndrop -->
