<?xml version="1.0" encoding="UTF-8"?>
<!-- Generated by org.testng.reporters.JUnitReportReporter -->
<testsuite hostname="GS-5698" failures="0" tests="1" name="com.easy.qa.testcases.TestDownloadAndClick" time="28.812" errors="0" timestamp="2021-09-21T17:01:40 IST" skipped="0">
  <testcase classname="com.easy.qa.testcases.TestDownloadAndClick" name="downloadandclos" time="28.812"/>
  <system-out/>
</testsuite> <!-- com.easy.qa.testcases.TestDownloadAndClick -->
