<?xml version="1.0" encoding="UTF-8"?>
<!-- Generated by org.testng.reporters.JUnitReportReporter -->
<testsuite hostname="GS-5698" failures="0" tests="1" name="com.easy.qa.base.Testbase" time="38.344" errors="0" timestamp="2021-08-28T23:20:21 IST" skipped="0">
  <testcase classname="com.easy.qa.base.Testbase" name="initialization" time="38.344"/>
  <system-out/>
</testsuite> <!-- com.easy.qa.base.Testbase -->
