<?xml version="1.0" encoding="UTF-8"?>
<!-- Generated by org.testng.reporters.JUnitReportReporter -->
<testsuite hostname="GS-5698" failures="0" tests="1" name="pages.Testdownloadfile" time="29.308" errors="0" timestamp="2021-09-13T11:50:25 IST" skipped="0">
  <testcase classname="pages.Testdownloadfile" name="downloadfile" time="29.308"/>
  <system-out/>
</testsuite> <!-- pages.Testdownloadfile -->
