<?xml version="1.0" encoding="UTF-8"?>
<!-- Generated by org.testng.reporters.JUnitReportReporter -->
<testsuite hostname="GS-5698" failures="0" tests="1" name="com.easy.qa.testcases.Testdragndrop" time="28.259" errors="0" timestamp="2021-09-13T11:50:25 IST" skipped="0">
  <testcase classname="com.easy.qa.testcases.Testdragndrop" name="dragndrop" time="28.259"/>
  <system-out/>
</testsuite> <!-- com.easy.qa.testcases.Testdragndrop -->
