<?xml version="1.0" encoding="UTF-8"?>
<!-- Generated by org.testng.reporters.JUnitReportReporter -->
<testsuite hostname="GS-5698" failures="0" tests="1" name="pages.TestClickOnMsgBoxesNvalidate" time="27.535" errors="0" timestamp="2021-09-13T11:50:25 IST" skipped="0">
  <testcase classname="pages.TestClickOnMsgBoxesNvalidate" name="ClickOnMsgBoxesNvalidate" time="27.535"/>
  <system-out/>
</testsuite> <!-- pages.TestClickOnMsgBoxesNvalidate -->
